<?xml version="1.0" encoding="UTF-8"?>
<!-- Generated by org.testng.reporters.JUnitReportReporter -->
<testsuite skipped="0" hostname="N-162" name="testCases.SectionsTest" tests="2" failures="0" timestamp="2020-04-14T10:21:14 ART" time="62.457" errors="0">
  <testcase name="womenSection" time="32.235" classname="testCases.SectionsTest"/>
  <testcase name="dressesSection" time="30.222" classname="testCases.SectionsTest"/>
</testsuite> <!-- testCases.SectionsTest -->
