<?xml version="1.0" encoding="UTF-8"?>
<!-- Generated by org.testng.reporters.JUnitReportReporter -->
<testsuite skipped="0" hostname="N-162" name="testCases.SearchTest" tests="3" failures="0" timestamp="2020-04-14T10:21:14 ART" time="74.332" errors="0">
  <testcase name="searchWithResults" time="22.187" classname="testCases.SearchTest"/>
  <testcase name="searchWithNoResults" time="25.150" classname="testCases.SearchTest"/>
  <testcase name="Logueo" time="26.995" classname="testCases.SearchTest"/>
</testsuite> <!-- testCases.SearchTest -->
