<?xml version="1.0" encoding="UTF-8"?>
<!-- Generated by org.testng.reporters.JUnitReportReporter -->
<testsuite skipped="0" hostname="N-162" name="testCases.SelectTest" tests="3" failures="0" timestamp="2020-04-14T10:21:14 ART" time="69.713" errors="0">
  <testcase name="searchByNameAtoZ" time="24.189" classname="testCases.SelectTest"/>
  <testcase name="searchByInStock" time="22.651" classname="testCases.SelectTest"/>
  <testcase name="searchByLowestFirst" time="22.873" classname="testCases.SelectTest"/>
</testsuite> <!-- testCases.SelectTest -->
